\BOOKMARK [1][-]{section.1}{\376\377\000R\000E\000S\000E\000A\000R\000C\000H\000\040\000I\000N\000T\000E\000R\000E\000S\000T\000S}{}% 1
\BOOKMARK [1][-]{section.2}{\376\377\000P\000R\000O\000F\000E\000S\000S\000I\000O\000N\000A\000L\000\040\000A\000P\000P\000O\000I\000N\000T\000M\000E\000N\000T\000S}{}% 2
\BOOKMARK [1][-]{section.3}{\376\377\000E\000D\000U\000C\000A\000T\000I\000O\000N}{}% 3
\BOOKMARK [1][-]{section.4}{\376\377\000P\000E\000E\000R\000-\000R\000E\000V\000I\000E\000W\000E\000D\000\040\000P\000U\000B\000L\000I\000C\000A\000T\000I\000O\000N\000S}{}% 4
\BOOKMARK [1][-]{section.5}{\376\377\000C\000O\000N\000F\000E\000R\000E\000N\000C\000E\000\040\000P\000R\000O\000C\000E\000E\000D\000I\000N\000G\000S}{}% 5
\BOOKMARK [1][-]{section.6}{\376\377\000C\000O\000N\000F\000E\000R\000E\000N\000C\000E\000\040\000P\000R\000E\000S\000E\000N\000T\000A\000T\000I\000O\000N\000S}{}% 6
\BOOKMARK [1][-]{section.7}{\376\377\000O\000t\000h\000e\000r\000\040\000S\000c\000i\000e\000n\000t\000i\000f\000i\000c\000\040\000O\000u\000t\000p\000u\000t\000s}{}% 7
\BOOKMARK [2][-]{subsection.7.1}{\376\377\000\050\0001\000\051\000\040\000R\000e\000l\000e\000a\000s\000e\000\040\000a\000p\000p\000l\000i\000c\000a\000t\000i\000o\000n\000s\000\040\000f\000o\000r\000\040\000b\000i\000o\000l\000o\000g\000i\000c\000a\000l\000\040\000c\000o\000n\000t\000r\000o\000l\000\040\000a\000g\000e\000n\000t\000s}{section.7}% 8
\BOOKMARK [1][-]{section.8}{\376\377\000C\000o\000m\000m\000u\000n\000i\000t\000y\000\040\000E\000n\000g\000a\000g\000e\000m\000e\000n\000t}{}% 9
\BOOKMARK [2][-]{subsection.8.1}{\376\377\000\050\0001\000\051\000\040\000P\000u\000b\000l\000i\000c\000\040\000S\000e\000m\000i\000n\000a\000r\000s}{section.8}% 10
\BOOKMARK [2][-]{subsection.8.2}{\376\377\000\050\0002\000\051\000\040\000O\000U\000T\000R\000E\000A\000C\000H}{section.8}% 11
\BOOKMARK [1][-]{section.9}{\376\377\000T\000E\000A\000C\000H\000I\000N\000G\000\040\000E\000X\000P\000E\000R\000I\000E\000N\000C\000E}{}% 12
\BOOKMARK [1][-]{section.10}{\376\377\000A\000W\000A\000R\000D\000S}{}% 13
\BOOKMARK [1][-]{section.11}{\376\377\000S\000C\000H\000O\000L\000A\000R\000S\000H\000I\000P\000S\000\040\000A\000N\000D\000\040\000G\000R\000A\000N\000T\000S}{}% 14
\BOOKMARK [1][-]{section.12}{\376\377\000S\000O\000F\000T\000W\000A\000R\000E\000\040\000D\000E\000V\000E\000L\000O\000P\000M\000E\000N\000T}{}% 15
\BOOKMARK [2][-]{subsection.12.1}{\376\377\000R\000\040\000P\000a\000c\000k\000a\000g\000e\000:\000\040\000T\000h\000e\000r\000m\000a\000l\000S\000a\000m\000p\000l\000e\000R}{section.12}% 16
\BOOKMARK [2][-]{subsection.12.2}{\376\377\000R\000\040\000P\000a\000c\000k\000a\000g\000e\000:\000\040\000s\000a\000p\000i\000a\000R}{section.12}% 17
\BOOKMARK [1][-]{section.13}{\376\377\000P\000R\000O\000F\000E\000S\000S\000I\000O\000N\000A\000L\000\040\000S\000E\000R\000V\000I\000C\000E\000\040\000A\000N\000D\000\040\000I\000N\000V\000O\000L\000V\000E\000M\000E\000N\000T}{}% 18
\BOOKMARK [2][-]{subsection.13.1}{\376\377\000\050\0009\000\051\000\040\000R\000e\000v\000i\000e\000w\000\040\000f\000o\000r\000\040\000p\000e\000e\000r\000-\000r\000e\000v\000i\000e\000w\000e\000d\000\040\000j\000o\000u\000r\000n\000a\000l\000s\000\040\000\050\000n\000\040\000=\000\040\0009\000\040\000p\000a\000p\000e\000r\000s\000\051}{section.13}% 19
\BOOKMARK [2][-]{subsection.13.2}{\376\377\000W\000o\000r\000k\000s\000h\000o\000p\000s\000\040\000a\000t\000t\000e\000n\000d\000e\000d}{section.13}% 20
\BOOKMARK [2][-]{subsection.13.3}{\376\377\000P\000r\000o\000f\000e\000s\000s\000i\000o\000n\000a\000l\000\040\000m\000e\000m\000b\000e\000r\000s\000h\000i\000p\000s}{section.13}% 21
\BOOKMARK [1][-]{section.14}{\376\377\000S\000K\000I\000L\000L\000S}{}% 22
\BOOKMARK [1][-]{section.15}{\376\377\000L\000E\000A\000D\000E\000R\000S\000H\000I\000P\000\040\000M\000A\000N\000A\000G\000E\000M\000E\000N\000T\000\040\000A\000N\000D\000\040\000A\000D\000M\000I\000N\000I\000S\000T\000R\000A\000T\000I\000O\000N}{}% 23
\BOOKMARK [2][-]{subsection.15.1}{\376\377\000\050\0001\0000\000\051\000\040\000L\000e\000a\000d\000e\000r\000s\000h\000i\000p}{section.15}% 24
\BOOKMARK [1][-]{section.16}{\376\377\000A\000C\000A\000D\000E\000M\000I\000C\000\040\000R\000E\000F\000E\000R\000E\000E\000S}{}% 25
